589,Wed Aug 18 20:20:40 GMT+03:00 1999,madsoft.ws.WWWServer,Max hits are 1
589,Wed Aug 18 20:22:52 GMT+03:00 1999,madsoft.ws.WWWServer,Max hits are 1
557,Wed Aug 18 20:23:06 GMT+03:00 1999,madsoft.ws.WWWServer,Max hits are 2
589,Wed Aug 18 20:27:31 GMT+03:00 1999,madsoft.ws.WWWServer,Max hits are 1
557,Wed Aug 18 20:28:32 GMT+03:00 1999,madsoft.ws.WWWServer,Max hits are 2
13894,Wed Aug 18 20:30:06 GMT+03:00 1999,madsoft.ws.WWWServer,Max hits are 1
13894,Wed Aug 18 20:32:32 GMT+03:00 1999,madsoft.ws.WWWServer,Max hits are 1
13894,Wed Aug 18 20:33:13 GMT+03:00 1999,madsoft.ws.WWWServer,Max hits are 1
13862,Wed Aug 18 20:33:44 GMT+03:00 1999,madsoft.ws.WWWServer,Max hits are 2
13830,Wed Aug 18 20:33:51 GMT+03:00 1999,madsoft.ws.WWWServer,Max hits are 3
13894,Wed Aug 18 20:40:27 GMT+03:00 1999,madsoft.ws.WWWServer,Max hits are 1
13862,Wed Aug 18 20:40:53 GMT+03:00 1999,madsoft.ws.WWWServer,Max hits are 2
13894,Wed Aug 18 20:43:19 GMT+03:00 1999,madsoft.ws.WWWServer,Max hits are 1
13894,Wed Aug 18 20:47:06 GMT+03:00 1999,madsoft.ws.WWWServer,Max hits are 1
589,Wed Aug 18 21:10:43 GMT+03:00 1999,madsoft.ws.WWWServer,Max hits are 1
589,Wed Aug 18 21:13:51 GMT+03:00 1999,madsoft.ws.WWWServer,Max hits are 1
589,Wed Aug 18 21:15:25 GMT+03:00 1999,madsoft.ws.WWWServer,Max hits are 1
554,Wed Aug 18 21:24:44 GMT+03:00 1999,madsoft.ws.WWWServer,Max hits are 1
405,Wed Aug 18 21:25:00 GMT+03:00 1999,madsoft.ws.AdminServer,Max hits are 1
400,Wed Aug 18 21:25:05 GMT+03:00 1999,madsoft.ws.AdminClient,Admin login
201,Wed Aug 18 21:28:26 GMT+03:00 1999,madsoft.ws.WWWServer,WARNING!!! Server running on low memory!!!
532,Wed Aug 18 21:28:26 GMT+03:00 1999,madsoft.ws.WWWServer,Max hits are 2
501,Wed Aug 18 21:28:26 GMT+03:00 1999,madsoft.ws.WWWServer,Max hits are 3
465,Wed Aug 18 21:28:27 GMT+03:00 1999,madsoft.ws.WWWServer,Max hits are 4
280,Wed Aug 18 21:28:27 GMT+03:00 1999,madsoft.ws.WWWServer,WARNING!!! Server running on low memory!!!
217,Wed Aug 18 21:29:26 GMT+03:00 1999,madsoft.ws.WWWServer,WARNING!!! Server running on low memory!!!
247,Wed Aug 18 21:29:35 GMT+03:00 1999,madsoft.ws.WWWServer,WARNING!!! Server running on low memory!!!
219,Wed Aug 18 21:29:51 GMT+03:00 1999,madsoft.ws.WWWServer,WARNING!!! Server running on low memory!!!
300,Wed Aug 18 21:30:49 GMT+03:00 1999,madsoft.ws.WWWServer,WARNING!!! Server running on low memory!!!
270,Wed Aug 18 21:30:58 GMT+03:00 1999,madsoft.ws.WWWServer,WARNING!!! Server running on low memory!!!
251,Wed Aug 18 21:31:15 GMT+03:00 1999,madsoft.ws.WWWServer,WARNING!!! Server running on low memory!!!
300,Wed Aug 18 21:31:19 GMT+03:00 1999,madsoft.ws.WWWServer,WARNING!!! Server running on low memory!!!
278,Wed Aug 18 21:31:26 GMT+03:00 1999,madsoft.ws.WWWServer,WARNING!!! Server running on low memory!!!
249,Wed Aug 18 21:31:50 GMT+03:00 1999,madsoft.ws.WWWServer,WARNING!!! Server running on low memory!!!
245,Wed Aug 18 21:32:18 GMT+03:00 1999,madsoft.ws.WWWServer,WARNING!!! Server running on low memory!!!
293,Wed Aug 18 21:33:51 GMT+03:00 1999,madsoft.ws.WWWServer,WARNING!!! Server running on low memory!!!
272,Wed Aug 18 21:37:18 GMT+03:00 1999,madsoft.ws.WWWServer,WARNING!!! Server running on low memory!!!
644,Wed Aug 18 21:46:51 GMT+03:00 1999,madsoft.ws.WWWServer,Max hits are 1
496,Wed Aug 18 21:46:52 GMT+03:00 1999,madsoft.ws.WWWServer,Max hits are 2
238,Wed Aug 18 21:50:49 GMT+03:00 1999,madsoft.ws.WWWServer,WARNING!!! Server running on low memory!!!
222,Wed Aug 18 21:50:52 GMT+03:00 1999,madsoft.ws.WWWServer,WARNING!!! Server running on low memory!!!
270,Wed Aug 18 21:50:55 GMT+03:00 1999,madsoft.ws.WWWServer,WARNING!!! Server running on low memory!!!
13859,Wed Aug 18 21:58:17 GMT+03:00 1999,madsoft.ws.WWWServer,Max hits are 1
13827,Wed Aug 18 21:58:17 GMT+03:00 1999,madsoft.ws.WWWServer,Max hits are 2
13795,Wed Aug 18 21:58:17 GMT+03:00 1999,madsoft.ws.WWWServer,Max hits are 3
13763,Wed Aug 18 21:58:17 GMT+03:00 1999,madsoft.ws.WWWServer,Max hits are 4
13731,Wed Aug 18 21:58:17 GMT+03:00 1999,madsoft.ws.WWWServer,Max hits are 5
13699,Wed Aug 18 21:58:17 GMT+03:00 1999,madsoft.ws.WWWServer,Max hits are 6
13666,Wed Aug 18 21:58:18 GMT+03:00 1999,madsoft.ws.WWWServer,Max hits are 7
13635,Wed Aug 18 21:58:18 GMT+03:00 1999,madsoft.ws.WWWServer,Max hits are 8
13603,Wed Aug 18 21:58:18 GMT+03:00 1999,madsoft.ws.WWWServer,Max hits are 9
13570,Wed Aug 18 21:58:18 GMT+03:00 1999,madsoft.ws.WWWServer,Max hits are 10
13539,Wed Aug 18 21:58:18 GMT+03:00 1999,madsoft.ws.WWWServer,Max hits are 11
13507,Wed Aug 18 21:58:18 GMT+03:00 1999,madsoft.ws.WWWServer,Max hits are 12
13475,Wed Aug 18 21:58:18 GMT+03:00 1999,madsoft.ws.WWWServer,Max hits are 13
13443,Wed Aug 18 21:58:18 GMT+03:00 1999,madsoft.ws.WWWServer,Max hits are 14
13411,Wed Aug 18 21:58:18 GMT+03:00 1999,madsoft.ws.WWWServer,Max hits are 15
13379,Wed Aug 18 21:58:18 GMT+03:00 1999,madsoft.ws.WWWServer,Max hits are 16
13346,Wed Aug 18 21:58:18 GMT+03:00 1999,madsoft.ws.WWWServer,Max hits are 17
13314,Wed Aug 18 21:58:18 GMT+03:00 1999,madsoft.ws.WWWServer,Max hits are 18
13282,Wed Aug 18 21:58:18 GMT+03:00 1999,madsoft.ws.WWWServer,Max hits are 19
13250,Wed Aug 18 21:58:18 GMT+03:00 1999,madsoft.ws.WWWServer,Max hits are 20
13218,Wed Aug 18 21:58:18 GMT+03:00 1999,madsoft.ws.WWWServer,Max hits are 21
13186,Wed Aug 18 21:58:18 GMT+03:00 1999,madsoft.ws.WWWServer,Max hits are 22
13154,Wed Aug 18 21:58:18 GMT+03:00 1999,madsoft.ws.WWWServer,Max hits are 23
13122,Wed Aug 18 21:58:18 GMT+03:00 1999,madsoft.ws.WWWServer,Max hits are 24
13090,Wed Aug 18 21:58:18 GMT+03:00 1999,madsoft.ws.WWWServer,Max hits are 25
13058,Wed Aug 18 21:58:18 GMT+03:00 1999,madsoft.ws.WWWServer,Max hits are 26
13025,Wed Aug 18 21:58:18 GMT+03:00 1999,madsoft.ws.WWWServer,Max hits are 27
12994,Wed Aug 18 21:58:18 GMT+03:00 1999,madsoft.ws.WWWServer,Max hits are 28
12962,Wed Aug 18 21:58:18 GMT+03:00 1999,madsoft.ws.WWWServer,Max hits are 29
12930,Wed Aug 18 21:58:18 GMT+03:00 1999,madsoft.ws.WWWServer,Max hits are 30
12898,Wed Aug 18 21:58:18 GMT+03:00 1999,madsoft.ws.WWWServer,Max hits are 31
12865,Wed Aug 18 21:58:18 GMT+03:00 1999,madsoft.ws.WWWServer,Max hits are 32
12834,Wed Aug 18 21:58:18 GMT+03:00 1999,madsoft.ws.WWWServer,Max hits are 33
12802,Wed Aug 18 21:58:18 GMT+03:00 1999,madsoft.ws.WWWServer,Max hits are 34
12769,Wed Aug 18 21:58:18 GMT+03:00 1999,madsoft.ws.WWWServer,Max hits are 35
12737,Wed Aug 18 21:58:18 GMT+03:00 1999,madsoft.ws.WWWServer,Max hits are 36
12705,Wed Aug 18 21:58:18 GMT+03:00 1999,madsoft.ws.WWWServer,Max hits are 37
12673,Wed Aug 18 21:58:18 GMT+03:00 1999,madsoft.ws.WWWServer,Max hits are 38
12641,Wed Aug 18 21:58:18 GMT+03:00 1999,madsoft.ws.WWWServer,Max hits are 39
12609,Wed Aug 18 21:58:18 GMT+03:00 1999,madsoft.ws.WWWServer,Max hits are 40
12577,Wed Aug 18 21:58:18 GMT+03:00 1999,madsoft.ws.WWWServer,Max hits are 41
12545,Wed Aug 18 21:58:18 GMT+03:00 1999,madsoft.ws.WWWServer,Max hits are 42
12513,Wed Aug 18 21:58:18 GMT+03:00 1999,madsoft.ws.WWWServer,Max hits are 43
12481,Wed Aug 18 21:58:18 GMT+03:00 1999,madsoft.ws.WWWServer,Max hits are 44
12449,Wed Aug 18 21:58:18 GMT+03:00 1999,madsoft.ws.WWWServer,Max hits are 45
12417,Wed Aug 18 21:58:18 GMT+03:00 1999,madsoft.ws.WWWServer,Max hits are 46
12384,Wed Aug 18 21:58:18 GMT+03:00 1999,madsoft.ws.WWWServer,Max hits are 47
12352,Wed Aug 18 21:58:18 GMT+03:00 1999,madsoft.ws.WWWServer,Max hits are 48
12321,Wed Aug 18 21:58:18 GMT+03:00 1999,madsoft.ws.WWWServer,Max hits are 49
12288,Wed Aug 18 21:58:18 GMT+03:00 1999,madsoft.ws.WWWServer,Max hits are 50
12256,Wed Aug 18 21:58:18 GMT+03:00 1999,madsoft.ws.WWWServer,Max hits are 51
11256,Wed Aug 18 21:58:47 GMT+03:00 1999,madsoft.ws.AdminServer,Max hits are 1
11159,Wed Aug 18 21:58:50 GMT+03:00 1999,madsoft.ws.AdminClient,Admin login
7102,Wed Aug 18 22:00:17 GMT+03:00 1999,madsoft.ws.WWWServer,Server stoped
7098,Wed Aug 18 22:00:24 GMT+03:00 1999,madsoft.ws.WWWServer,Server started
13859,Wed Aug 18 22:07:44 GMT+03:00 1999,madsoft.ws.WWWServer,Max hits are 1
13827,Wed Aug 18 22:07:44 GMT+03:00 1999,madsoft.ws.WWWServer,Max hits are 2
13795,Wed Aug 18 22:07:44 GMT+03:00 1999,madsoft.ws.WWWServer,Max hits are 3
13763,Wed Aug 18 22:07:44 GMT+03:00 1999,madsoft.ws.WWWServer,Max hits are 4
13730,Wed Aug 18 22:07:44 GMT+03:00 1999,madsoft.ws.WWWServer,Max hits are 5
13699,Wed Aug 18 22:07:44 GMT+03:00 1999,madsoft.ws.WWWServer,Max hits are 6
13666,Wed Aug 18 22:07:44 GMT+03:00 1999,madsoft.ws.WWWServer,Max hits are 7
13635,Wed Aug 18 22:07:44 GMT+03:00 1999,madsoft.ws.WWWServer,Max hits are 8
13603,Wed Aug 18 22:07:44 GMT+03:00 1999,madsoft.ws.WWWServer,Max hits are 9
13570,Wed Aug 18 22:07:44 GMT+03:00 1999,madsoft.ws.WWWServer,Max hits are 10
13539,Wed Aug 18 22:07:44 GMT+03:00 1999,madsoft.ws.WWWServer,Max hits are 11
13507,Wed Aug 18 22:07:44 GMT+03:00 1999,madsoft.ws.WWWServer,Max hits are 12
13475,Wed Aug 18 22:07:44 GMT+03:00 1999,madsoft.ws.WWWServer,Max hits are 13
13443,Wed Aug 18 22:07:44 GMT+03:00 1999,madsoft.ws.WWWServer,Max hits are 14
13411,Wed Aug 18 22:07:44 GMT+03:00 1999,madsoft.ws.WWWServer,Max hits are 15
13379,Wed Aug 18 22:07:44 GMT+03:00 1999,madsoft.ws.WWWServer,Max hits are 16
13346,Wed Aug 18 22:07:44 GMT+03:00 1999,madsoft.ws.WWWServer,Max hits are 17
13314,Wed Aug 18 22:07:44 GMT+03:00 1999,madsoft.ws.WWWServer,Max hits are 18
13282,Wed Aug 18 22:07:44 GMT+03:00 1999,madsoft.ws.WWWServer,Max hits are 19
13250,Wed Aug 18 22:07:44 GMT+03:00 1999,madsoft.ws.WWWServer,Max hits are 20
13218,Wed Aug 18 22:07:44 GMT+03:00 1999,madsoft.ws.WWWServer,Max hits are 21
13186,Wed Aug 18 22:07:44 GMT+03:00 1999,madsoft.ws.WWWServer,Max hits are 22
13154,Wed Aug 18 22:07:44 GMT+03:00 1999,madsoft.ws.WWWServer,Max hits are 23
13122,Wed Aug 18 22:07:44 GMT+03:00 1999,madsoft.ws.WWWServer,Max hits are 24
13089,Wed Aug 18 22:07:44 GMT+03:00 1999,madsoft.ws.WWWServer,Max hits are 25
13058,Wed Aug 18 22:07:44 GMT+03:00 1999,madsoft.ws.WWWServer,Max hits are 26
13025,Wed Aug 18 22:07:44 GMT+03:00 1999,madsoft.ws.WWWServer,Max hits are 27
12993,Wed Aug 18 22:07:44 GMT+03:00 1999,madsoft.ws.WWWServer,Max hits are 28
12962,Wed Aug 18 22:07:44 GMT+03:00 1999,madsoft.ws.WWWServer,Max hits are 29
12929,Wed Aug 18 22:07:44 GMT+03:00 1999,madsoft.ws.WWWServer,Max hits are 30
12897,Wed Aug 18 22:07:44 GMT+03:00 1999,madsoft.ws.WWWServer,Max hits are 31
12865,Wed Aug 18 22:07:44 GMT+03:00 1999,madsoft.ws.WWWServer,Max hits are 32
12833,Wed Aug 18 22:07:44 GMT+03:00 1999,madsoft.ws.WWWServer,Max hits are 33
12801,Wed Aug 18 22:07:44 GMT+03:00 1999,madsoft.ws.WWWServer,Max hits are 34
12769,Wed Aug 18 22:07:44 GMT+03:00 1999,madsoft.ws.WWWServer,Max hits are 35
12737,Wed Aug 18 22:07:44 GMT+03:00 1999,madsoft.ws.WWWServer,Max hits are 36
12704,Wed Aug 18 22:07:44 GMT+03:00 1999,madsoft.ws.WWWServer,Max hits are 37
12673,Wed Aug 18 22:07:44 GMT+03:00 1999,madsoft.ws.WWWServer,Max hits are 38
12641,Wed Aug 18 22:07:44 GMT+03:00 1999,madsoft.ws.WWWServer,Max hits are 39
12609,Wed Aug 18 22:07:44 GMT+03:00 1999,madsoft.ws.WWWServer,Max hits are 40
12577,Wed Aug 18 22:07:44 GMT+03:00 1999,madsoft.ws.WWWServer,Max hits are 41
12544,Wed Aug 18 22:07:44 GMT+03:00 1999,madsoft.ws.WWWServer,Max hits are 42
12513,Wed Aug 18 22:07:44 GMT+03:00 1999,madsoft.ws.WWWServer,Max hits are 43
12481,Wed Aug 18 22:07:44 GMT+03:00 1999,madsoft.ws.WWWServer,Max hits are 44
12449,Wed Aug 18 22:07:44 GMT+03:00 1999,madsoft.ws.WWWServer,Max hits are 45
12417,Wed Aug 18 22:07:44 GMT+03:00 1999,madsoft.ws.WWWServer,Max hits are 46
12384,Wed Aug 18 22:07:44 GMT+03:00 1999,madsoft.ws.WWWServer,Max hits are 47
12353,Wed Aug 18 22:07:44 GMT+03:00 1999,madsoft.ws.WWWServer,Max hits are 48
12321,Wed Aug 18 22:07:44 GMT+03:00 1999,madsoft.ws.WWWServer,Max hits are 49
12288,Wed Aug 18 22:07:44 GMT+03:00 1999,madsoft.ws.WWWServer,Max hits are 50
12257,Wed Aug 18 22:07:44 GMT+03:00 1999,madsoft.ws.WWWServer,Max hits are 51
10668,Wed Aug 18 22:08:13 GMT+03:00 1999,madsoft.ws.AdminServer,Max hits are 1
10114,Wed Aug 18 22:08:22 GMT+03:00 1999,madsoft.ws.AdminClient,Admin login
7533,Wed Aug 18 22:09:07 GMT+03:00 1999,madsoft.ws.WWWServer,Server stoped
7518,Wed Aug 18 22:09:13 GMT+03:00 1999,madsoft.ws.WWWServer,Server started
11904,Wed Aug 18 22:12:07 GMT+03:00 1999,madsoft.ws.AdminClient,Admin logout
11186,Wed Aug 18 22:12:19 GMT+03:00 1999,madsoft.ws.AdminClient,Admin login
538,Fri Sep 24 10:50:54 GMT+02:00 1999,madsoft.ws.AdminServer,Max hits are 1
533,Fri Sep 24 10:51:00 GMT+02:00 1999,madsoft.ws.AdminClient,Admin login
526,Fri Sep 24 10:51:51 GMT+02:00 1999,madsoft.ws.WWWServer,Server stoped
523,Fri Sep 24 10:51:57 GMT+02:00 1999,madsoft.ws.WWWServer,Server started
647,Fri Sep 24 10:54:51 GMT+02:00 1999,madsoft.ws.AdminClient,Admin logout
642,Fri Sep 24 11:01:37 GMT+02:00 1999,madsoft.ws.WWWServer,Max hits are 1
553,Fri Sep 24 11:03:36 GMT+02:00 1999,madsoft.ws.WWWServer,Max hits are 1
297,Fri Sep 24 11:03:38 GMT+02:00 1999,madsoft.ws.WWWServer,WARNING!!! Server running on low memory!!!
553,Fri Sep 24 11:04:32 GMT+02:00 1999,madsoft.ws.WWWServer,Max hits are 1
297,Fri Sep 24 11:04:34 GMT+02:00 1999,madsoft.ws.WWWServer,WARNING!!! Server running on low memory!!!
351,Fri Sep 24 11:04:37 GMT+02:00 1999,madsoft.ws.AdminServer,Max hits are 1
348,Fri Sep 24 11:04:37 GMT+02:00 1999,madsoft.ws.AdminClient,Admin login failed
491,Fri Sep 24 11:04:59 GMT+02:00 1999,madsoft.ws.AdminClient,Admin login failed
552,Fri Sep 24 11:05:56 GMT+02:00 1999,madsoft.ws.WWWServer,Max hits are 1
377,Fri Sep 24 11:05:56 GMT+02:00 1999,madsoft.ws.WWWServer,Max hits are 2
344,Fri Sep 24 11:05:56 GMT+02:00 1999,madsoft.ws.WWWServer,Max hits are 3
278,Fri Sep 24 11:15:00 GMT+02:00 1999,madsoft.ws.WWWServer,WARNING!!! Server running on low memory!!!
261,Fri Sep 24 11:15:05 GMT+02:00 1999,madsoft.ws.WWWServer,WARNING!!! Server running on low memory!!!
